生成启动时间为 2018/2/10/周六 23:01:02。
     1>项目“c:\Users\administrator\documents\visual studio 2013\Projects\BSDiff\BSDiff\BSDiff.vcxproj”在节点 2 上(Build 个目标)。
     1>ClCompile:
         D:\Microsoft Visual Studio 12.0\VC\bin\CL.exe /c /ZI /nologo /W3 /WX- /sdl- /Od /Oy- /D _MBCS /Gm /EHsc /RTC1 /MDd /GS /fp:precise /Zc:wchar_t /Zc:forScope /Fo"Debug\\" /Fd"Debug\vc120.pdb" /Gd /TC /analyze- /errorReport:prompt -D _CRT_SECURE_NO_WARNINGS -D _CRT_NONSTDC_NO_DEPRECATE 
          blocksort.c bzlib.c compress.c crctable.c decompress.c huffman.c randtable.c
         randtable.c
         huffman.c
         decompress.c
         crctable.c
         compress.c
         bzlib.c
         blocksort.c
         正在生成代码...
         D:\Microsoft Visual Studio 12.0\VC\bin\CL.exe /c /ZI /nologo /W3 /WX- /sdl- /Od /Oy- /D _MBCS /Gm /EHsc /RTC1 /MDd /GS /fp:precise /Zc:wchar_t /Zc:forScope /Fo"Debug\\" /Fd"Debug\vc120.pdb" /Gd /TP /analyze- /errorReport:prompt -D _CRT_SECURE_NO_WARNINGS -D _CRT_NONSTDC_NO_DEPRECATE 
          bsdiff.cpp
         bsdiff.cpp
       Link:
         D:\Microsoft Visual Studio 12.0\VC\bin\link.exe /ERRORREPORT:PROMPT /OUT:"c:\users\administrator\documents\visual studio 2013\Projects\BSDiff\Debug\BSDiff.exe" /INCREMENTAL /NOLOGO kernel32.lib user32.lib gdi32.lib winspool.lib comdlg32.lib advapi32.lib shell32.lib ole32.lib oleaut32.lib uuid.lib odbc32.lib odbccp32.lib /MANIFEST /MANIFESTUAC:"level='asInvoker' uiAccess='false'" /manifest:embed /DEBUG /PDB:"c:\users\administrator\documents\visual studio 2013\Projects\BSDiff\Debug\BSDiff.pdb" /TLBID:1 /DYNAMICBASE /NXCOMPAT /IMPLIB:"c:\users\administrator\documents\visual studio 2013\Projects\BSDiff\Debug\BSDiff.lib" /MACHINE:X86 Debug\blocksort.obj
         Debug\bsdiff.obj
         Debug\bzlib.obj
         Debug\compress.obj
         Debug\crctable.obj
         Debug\decompress.obj
         Debug\huffman.obj
         Debug\randtable.obj
         BSDiff.vcxproj -> c:\users\administrator\documents\visual studio 2013\Projects\BSDiff\Debug\BSDiff.exe
     1>已完成生成项目“c:\Users\administrator\documents\visual studio 2013\Projects\BSDiff\BSDiff\BSDiff.vcxproj”(Build 个目标)的操作。

生成成功。

已用时间 00:00:04.12
