c:\users\administrator\documents\visual studio 2013\projects\bsdiff\x64\debug\bsdiff.lib
c:\users\administrator\documents\visual studio 2013\projects\bsdiff\x64\debug\bsdiff.exp
c:\users\administrator\documents\visual studio 2013\projects\bsdiff\bsdiff\x64\debug\vc120.pdb
c:\users\administrator\documents\visual studio 2013\projects\bsdiff\bsdiff\x64\debug\vc120.idb
c:\users\administrator\documents\visual studio 2013\projects\bsdiff\bsdiff\x64\debug\blocksort.obj
c:\users\administrator\documents\visual studio 2013\projects\bsdiff\bsdiff\x64\debug\bzlib.obj
c:\users\administrator\documents\visual studio 2013\projects\bsdiff\bsdiff\x64\debug\compress.obj
c:\users\administrator\documents\visual studio 2013\projects\bsdiff\bsdiff\x64\debug\crctable.obj
c:\users\administrator\documents\visual studio 2013\projects\bsdiff\bsdiff\x64\debug\decompress.obj
c:\users\administrator\documents\visual studio 2013\projects\bsdiff\bsdiff\x64\debug\huffman.obj
c:\users\administrator\documents\visual studio 2013\projects\bsdiff\bsdiff\x64\debug\randtable.obj
c:\users\administrator\documents\visual studio 2013\projects\bsdiff\bsdiff\x64\debug\bsdiff.obj
c:\users\administrator\documents\visual studio 2013\projects\bsdiff\x64\debug\bsdiff.ilk
c:\users\administrator\documents\visual studio 2013\projects\bsdiff\x64\debug\bsdiff.dll
c:\users\administrator\documents\visual studio 2013\projects\bsdiff\x64\debug\bsdiff.pdb
c:\users\administrator\documents\visual studio 2013\projects\bsdiff\bsdiff\x64\debug\bsdiff.tlog\bsdiff.write.1u.tlog
c:\users\administrator\documents\visual studio 2013\projects\bsdiff\bsdiff\x64\debug\bsdiff.tlog\cl.command.1.tlog
c:\users\administrator\documents\visual studio 2013\projects\bsdiff\bsdiff\x64\debug\bsdiff.tlog\cl.read.1.tlog
c:\users\administrator\documents\visual studio 2013\projects\bsdiff\bsdiff\x64\debug\bsdiff.tlog\cl.write.1.tlog
c:\users\administrator\documents\visual studio 2013\projects\bsdiff\bsdiff\x64\debug\bsdiff.tlog\link.command.1.tlog
c:\users\administrator\documents\visual studio 2013\projects\bsdiff\bsdiff\x64\debug\bsdiff.tlog\link.read.1.tlog
c:\users\administrator\documents\visual studio 2013\projects\bsdiff\bsdiff\x64\debug\bsdiff.tlog\link.write.1.tlog
